<?xml version="1.0" encoding="UTF-8" standalone="no"?>
<testsuite failures="0" name="cucumber.runtime.formatter.JUnitFormatter" skipped="0" tests="1" time="13.270611">
    <testcase classname="To validate the account creation of fb application" name="To create new account" time="13.270611">
        <system-out><![CDATA[Given To launch the chrome browser and maximise window......................passed
When To launch the url of fb app............................................passed
And To click the create new account button..................................passed
And To pass firstname in firstname text box.................................passed
And To pass secondname in secondname text box...............................passed
And To pass phno or email in email text box.................................passed
And To create new password using new password text box......................passed
Then To close the chrome browser............................................passed
]]></system-out>
    </testcase>
</testsuite>
